<?xml version="1.0" encoding="UTF-8"?>
<testsuite xmlns:xsi="http://www.w3.org/2001/XMLSchema-instance" xsi:noNamespaceSchemaLocation="https://maven.apache.org/surefire/maven-surefire-plugin/xsd/surefire-test-report-3.0.xsd" version="3.0" name="org.localhost.library.LibraryApplicationTests" time="4.053" tests="1" errors="0" skipped="0" failures="0">
  <properties>
[...]
</properties>
  <testcase name="contextLoads" classname="org.localhost.library.LibraryApplicationTests" time="0.309">
    <system-out><![CDATA[21:47:35.754 [main] INFO org.springframework.test.context.support.AnnotationConfigContextLoaderUtils -- Could not detect default configuration classes for test class [org.localhost.library.LibraryApplicationTests]: LibraryApplicationTests does not declare any static, non-private, non-final, nested classes annotated with @Configuration.
21:47:35.805 [main] INFO org.springframework.boot.test.context.SpringBootTestContextBootstrapper -- Found @SpringBootConfiguration org.localhost.library.LibraryApplication for test class org.localhost.library.LibraryApplicationTests
21:47:35.878 [main] INFO org.springframework.boot.devtools.restart.RestartApplicationListener -- Restart disabled due to context in which it is running

  .   ____          _            __ _ _
 /\\ / ___'_ __ _ _(_)_ __  __ _ \ \ \ \
( ( )\___ | '_ | '_| | '_ \/ _` | \ \ \ \
 \\/  ___)| |_)| | | | | || (_| |  ) ) ) )
  '  |____| .__|_| |_|_| |_\__, | / / / /
 =========|_|==============|___/=/_/_/_/
 :: Spring Boot ::                (v3.2.3)

2024-09-22T21:47:36.016+02:00  INFO 90436 --- [library] [           main] o.l.library.LibraryApplicationTests      : Starting LibraryApplicationTests using Java 17.0.12 with PID 90436 (started by marcinochmanski in /Users/marcinochmanski/Desktop/java/Library/library)
2024-09-22T21:47:36.017+02:00  INFO 90436 --- [library] [           main] o.l.library.LibraryApplicationTests      : No active profile set, falling back to 1 default profile: "default"
2024-09-22T21:47:36.371+02:00  INFO 90436 --- [library] [           main] .s.d.r.c.RepositoryConfigurationDelegate : Bootstrapping Spring Data JPA repositories in DEFAULT mode.
2024-09-22T21:47:36.398+02:00  INFO 90436 --- [library] [           main] .s.d.r.c.RepositoryConfigurationDelegate : Finished Spring Data repository scanning in 23 ms. Found 2 JPA repository interfaces.
2024-09-22T21:47:36.631+02:00  INFO 90436 --- [library] [           main] o.hibernate.jpa.internal.util.LogHelper  : HHH000204: Processing PersistenceUnitInfo [name: default]
2024-09-22T21:47:36.660+02:00  INFO 90436 --- [library] [           main] org.hibernate.Version                    : HHH000412: Hibernate ORM core version 6.4.4.Final
2024-09-22T21:47:36.677+02:00  INFO 90436 --- [library] [           main] o.h.c.internal.RegionFactoryInitiator    : HHH000026: Second-level cache disabled
2024-09-22T21:47:36.797+02:00  INFO 90436 --- [library] [           main] o.s.o.j.p.SpringPersistenceUnitInfo      : No LoadTimeWeaver setup: ignoring JPA class transformer
2024-09-22T21:47:36.811+02:00  INFO 90436 --- [library] [           main] com.zaxxer.hikari.HikariDataSource       : HikariPool-1 - Starting...
2024-09-22T21:47:36.838+02:00  INFO 90436 --- [library] [           main] org.testcontainers.images.PullPolicy     : Image pull policy will be performed by: DefaultPullPolicy()
2024-09-22T21:47:36.838+02:00  INFO 90436 --- [library] [           main] o.t.utility.ImageNameSubstitutor         : Image name substitution will be performed by: DefaultImageNameSubstitutor (composite of 'ConfigurationFileImageNameSubstitutor' and 'PrefixingImageNameSubstitutor')
2024-09-22T21:47:37.074+02:00  INFO 90436 --- [library] [           main] o.t.d.DockerClientProviderStrategy       : Found Docker environment with Docker accessed via Unix socket (/Users/marcinochmanski/.docker/run/docker.sock)
2024-09-22T21:47:37.075+02:00  INFO 90436 --- [library] [           main] org.testcontainers.DockerClientFactory   : Docker host IP address is localhost
2024-09-22T21:47:37.090+02:00  INFO 90436 --- [library] [           main] org.testcontainers.DockerClientFactory   : Connected to docker: 
  Server Version: 27.2.0
  API Version: 1.47
  Operating System: Docker Desktop
  Total Memory: 7839 MB
2024-09-22T21:47:37.105+02:00  INFO 90436 --- [library] [           main] tc.testcontainers/ryuk:0.6.0             : Creating container for image: testcontainers/ryuk:0.6.0
2024-09-22T21:47:37.276+02:00  INFO 90436 --- [library] [           main] tc.testcontainers/ryuk:0.6.0             : Container testcontainers/ryuk:0.6.0 is starting: ee37cd3c14f3b2bad8eee62de135839645a8b89997d06fe5a9a7878d2fe2d0cb
2024-09-22T21:47:37.547+02:00  INFO 90436 --- [library] [           main] tc.testcontainers/ryuk:0.6.0             : Container testcontainers/ryuk:0.6.0 started in PT0.442058S
2024-09-22T21:47:37.551+02:00  INFO 90436 --- [library] [           main] o.t.utility.RyukResourceReaper           : Ryuk started - will monitor and terminate Testcontainers containers on JVM exit
2024-09-22T21:47:37.551+02:00  INFO 90436 --- [library] [           main] org.testcontainers.DockerClientFactory   : Checking the system...
2024-09-22T21:47:37.551+02:00  INFO 90436 --- [library] [           main] org.testcontainers.DockerClientFactory   : ✔︎ Docker server version should be at least 1.6.0
2024-09-22T21:47:37.552+02:00  INFO 90436 --- [library] [           main] tc.postgres:13                           : Creating container for image: postgres:13
2024-09-22T21:47:37.578+02:00  INFO 90436 --- [library] [           main] tc.postgres:13                           : Container postgres:13 is starting: 9a860d4c82ab6f9fcc42dca6ab691de89f5f8588e757289f8fd4c01e7d2adb8e
2024-09-22T21:47:38.460+02:00  INFO 90436 --- [library] [           main] tc.postgres:13                           : Container postgres:13 started in PT0.908831S
2024-09-22T21:47:38.462+02:00  INFO 90436 --- [library] [           main] tc.postgres:13                           : Container is started (JDBC URL: jdbc:postgresql://localhost:58240/testdb?loggerLevel=OFF)
2024-09-22T21:47:38.530+02:00  INFO 90436 --- [library] [           main] com.zaxxer.hikari.pool.HikariPool        : HikariPool-1 - Added connection org.testcontainers.jdbc.ConnectionWrapper@45b8bbbf
2024-09-22T21:47:38.531+02:00  INFO 90436 --- [library] [           main] com.zaxxer.hikari.HikariDataSource       : HikariPool-1 - Start completed.
2024-09-22T21:47:38.552+02:00  WARN 90436 --- [library] [           main] org.hibernate.orm.deprecation            : HHH90000025: PostgreSQLDialect does not need to be specified explicitly using 'hibernate.dialect' (remove the property setting and it will be selected by default)
2024-09-22T21:47:38.996+02:00  INFO 90436 --- [library] [           main] o.h.e.t.j.p.i.JtaPlatformInitiator       : HHH000489: No JTA platform available (set 'hibernate.transaction.jta.platform' to enable JTA platform integration)
Hibernate: 
    alter table if exists book 
       drop constraint if exists FK65y5wbptb483a649obkq4yv8r
2024-09-22T21:47:39.005+02:00  WARN 90436 --- [library] [           main] o.h.engine.jdbc.spi.SqlExceptionHelper   : SQL Warning Code: 0, SQLState: 00000
2024-09-22T21:47:39.005+02:00  WARN 90436 --- [library] [           main] o.h.engine.jdbc.spi.SqlExceptionHelper   : relation "book" does not exist, skipping
Hibernate: 
    drop table if exists book cascade
2024-09-22T21:47:39.006+02:00  WARN 90436 --- [library] [           main] o.h.engine.jdbc.spi.SqlExceptionHelper   : SQL Warning Code: 0, SQLState: 00000
2024-09-22T21:47:39.006+02:00  WARN 90436 --- [library] [           main] o.h.engine.jdbc.spi.SqlExceptionHelper   : table "book" does not exist, skipping
Hibernate: 
    drop table if exists client cascade
2024-09-22T21:47:39.007+02:00  WARN 90436 --- [library] [           main] o.h.engine.jdbc.spi.SqlExceptionHelper   : SQL Warning Code: 0, SQLState: 00000
2024-09-22T21:47:39.007+02:00  WARN 90436 --- [library] [           main] o.h.engine.jdbc.spi.SqlExceptionHelper   : table "client" does not exist, skipping
Hibernate: 
    create table book (
        id serial not null,
        rent_date date,
        user_id integer unique,
        author varchar(255),
        title varchar(255),
        primary key (id)
    )
Hibernate: 
    create table client (
        id serial not null,
        penalty_points integer not null,
        first_name varchar(255),
        last_name varchar(255),
        primary key (id)
    )
Hibernate: 
    alter table if exists book 
       add constraint FK65y5wbptb483a649obkq4yv8r 
       foreign key (user_id) 
       references client
2024-09-22T21:47:39.024+02:00  INFO 90436 --- [library] [           main] j.LocalContainerEntityManagerFactoryBean : Initialized JPA EntityManagerFactory for persistence unit 'default'
2024-09-22T21:47:39.096+02:00  WARN 90436 --- [library] [           main] JpaBaseConfiguration$JpaWebConfiguration : spring.jpa.open-in-view is enabled by default. Therefore, database queries may be performed during view rendering. Explicitly configure spring.jpa.open-in-view to disable this warning
2024-09-22T21:47:39.253+02:00  WARN 90436 --- [library] [           main] ion$DefaultTemplateResolverConfiguration : Cannot find template location: classpath:/templates/ (please add some templates, check your Thymeleaf configuration, or set spring.thymeleaf.check-template-location=false)
2024-09-22T21:47:39.402+02:00  INFO 90436 --- [library] [           main] o.l.library.LibraryApplicationTests      : Started LibraryApplicationTests in 3.531 seconds (process running for 4.065)
]]></system-out>
  </testcase>
</testsuite>